{
  "stats": {
    "suites": 1,
    "tests": 3,
    "passes": 3,
    "pending": 0,
    "failures": 0,
    "start": "2021-04-27T20:35:10.259Z",
    "end": "2021-04-27T20:35:10.269Z",
    "duration": 10,
    "testsRegistered": 3,
    "passPercent": 100,
    "pendingPercent": 0,
    "other": 0,
    "hasOther": false,
    "skipped": 0,
    "hasSkipped": false
  },
  "results": [
    {
      "uuid": "72b8314e-cac6-46f0-9d61-ac8b1a0f5def",
      "title": "",
      "fullFile": "",
      "file": "",
      "beforeHooks": [],
      "afterHooks": [],
      "tests": [],
      "suites": [
        {
          "uuid": "b8b1e3d6-6021-455c-b595-a6f36b7d69ab",
          "title": "Testando calculo de área do circulo",
          "fullFile": "C:\\Users\\joao.narciso\\Desktop\\testesUnitarios\\test\\failing-test-spec.js",
          "file": "\\test\\failing-test-spec.js",
          "beforeHooks": [],
          "afterHooks": [],
          "tests": [
            {
              "title": "Usando entrada 2.00",
              "fullTitle": "Testando calculo de área do circulo Usando entrada 2.00",
              "timedOut": false,
              "duration": 1,
              "state": "passed",
              "speed": "fast",
              "pass": true,
              "fail": false,
              "pending": false,
              "context": null,
              "code": "assert.equal(\n  calcularAreaCirculo(2),\n  12.5664\n);",
              "err": {},
              "uuid": "fa262e74-0031-4a07-98cb-b9f866650346",
              "parentUUID": "b8b1e3d6-6021-455c-b595-a6f36b7d69ab",
              "isHook": false,
              "skipped": false
            },
            {
              "title": "Usando entrada 100.64",
              "fullTitle": "Testando calculo de área do circulo Usando entrada 100.64",
              "timedOut": false,
              "duration": 0,
              "state": "passed",
              "speed": "fast",
              "pass": true,
              "fail": false,
              "pending": false,
              "context": null,
              "code": "assert.equal(\n  calcularAreaCirculo(100.64),\n  31819.3103\n);",
              "err": {},
              "uuid": "990116cf-b493-4d18-ab23-480ff0d20721",
              "parentUUID": "b8b1e3d6-6021-455c-b595-a6f36b7d69ab",
              "isHook": false,
              "skipped": false
            },
            {
              "title": "Usando entrada 150.00",
              "fullTitle": "Testando calculo de área do circulo Usando entrada 150.00",
              "timedOut": false,
              "duration": 1,
              "state": "passed",
              "speed": "fast",
              "pass": true,
              "fail": false,
              "pending": false,
              "context": null,
              "code": "assert.equal(\n  calcularAreaCirculo(150.00),\n  70685.7750\n);",
              "err": {},
              "uuid": "6ec7ea2c-a00a-4219-bd13-00f797558200",
              "parentUUID": "b8b1e3d6-6021-455c-b595-a6f36b7d69ab",
              "isHook": false,
              "skipped": false
            }
          ],
          "suites": [],
          "passes": [
            "fa262e74-0031-4a07-98cb-b9f866650346",
            "990116cf-b493-4d18-ab23-480ff0d20721",
            "6ec7ea2c-a00a-4219-bd13-00f797558200"
          ],
          "failures": [],
          "pending": [],
          "skipped": [],
          "duration": 2,
          "root": false,
          "rootEmpty": false,
          "_timeout": 2000
        }
      ],
      "passes": [],
      "failures": [],
      "pending": [],
      "skipped": [],
      "duration": 0,
      "root": true,
      "rootEmpty": true,
      "_timeout": 2000
    }
  ],
  "meta": {
    "mocha": {
      "version": "8.3.2"
    },
    "mochawesome": {
      "options": {
        "quiet": false,
        "reportFilename": "mochawesome",
        "saveHtml": true,
        "saveJson": true,
        "consoleReporter": "spec",
        "useInlineDiffs": false,
        "code": true
      },
      "version": "6.2.2"
    },
    "marge": {
      "options": null,
      "version": "5.2.0"
    }
  }
}